<?xml version="1.0" encoding="UTF-8"?>
<!-- Generated by org.testng.reporters.JUnitReportReporter -->
<testsuite skipped="0" hostname="MSI" name="tests.SuiteTwo" tests="3" failures="0" timestamp="2023-01-03T20:31:40 IST" time="0.001" errors="0">
  <testcase name="test1" time="0.001" classname="tests.SuiteTwo"/>
  <system-out/>
  <testcase name="test3" time="0.000" classname="tests.SuiteTwo"/>
  <system-out/>
  <testcase name="test2" time="0.000" classname="tests.SuiteTwo"/>
  <system-out/>
</testsuite> <!-- tests.SuiteTwo -->
