<?xml version="1.0" encoding="UTF-8"?>
<!-- Generated by org.testng.reporters.JUnitReportReporter -->
<testsuite skipped="1" hostname="MSI" name="tests.SuiteTwo" tests="4" failures="0" timestamp="2023-01-15T19:01:11 IST" time="150.206" errors="0">
  <testcase name="checkBoxDemo" time="48.688" classname="tests.SuiteTwo"/>
  <system-out/>
  <testcase name="checkBoxDemo" time="48.457" classname="tests.SuiteTwo"/>
  <system-out/>
  <testcase name="checkBoxDemo" time="53.061" classname="tests.SuiteTwo"/>
  <system-out/>
  <testcase name="test2" classname="tests.SuiteTwo">
    <skipped/>
  </testcase> <!-- test2 -->
  <system-out/>
</testsuite> <!-- tests.SuiteTwo -->
