<?xml version="1.0" encoding="UTF-8"?>
<!-- Generated by org.testng.reporters.JUnitReportReporter -->
<testsuite skipped="0" hostname="MSI" name="tests.SuiteTwo" tests="3" failures="0" timestamp="2023-01-11T20:14:13 IST" time="148.379" errors="0">
  <testcase name="test3" time="0.000" classname="tests.SuiteTwo"/>
  <system-out/>
  <testcase name="checkBoxDemo" time="148.378" classname="tests.SuiteTwo"/>
  <system-out/>
  <testcase name="test2" time="0.001" classname="tests.SuiteTwo"/>
  <system-out/>
</testsuite> <!-- tests.SuiteTwo -->
