<?xml version="1.0" encoding="UTF-8"?>
<!-- Generated by org.testng.reporters.JUnitReportReporter -->
<testsuite skipped="1" hostname="MSI" name="tests.SuiteTwo" tests="3" failures="0" timestamp="2023-01-14T20:00:42 IST" time="107.806" errors="0">
  <testcase name="checkBoxDemo" time="53.846" classname="tests.SuiteTwo"/>
  <system-out/>
  <testcase name="checkBoxDemo" time="53.960" classname="tests.SuiteTwo"/>
  <system-out/>
  <testcase name="test2" classname="tests.SuiteTwo">
    <skipped/>
  </testcase> <!-- test2 -->
  <system-out/>
</testsuite> <!-- tests.SuiteTwo -->
