<?xml version="1.0" encoding="UTF-8"?>
<!-- Generated by org.testng.reporters.JUnitReportReporter -->
<testsuite skipped="0" hostname="MSI" name="tests.SuiteOne" tests="1" failures="0" timestamp="2023-01-03T20:37:40 IST" time="5.909" errors="0">
  <testcase name="test1" time="5.909" classname="tests.SuiteOne"/>
  <system-out/>
</testsuite> <!-- tests.SuiteOne -->
