<?xml version="1.0" encoding="UTF-8"?>
<!-- Generated by org.testng.reporters.JUnitReportReporter -->
<testsuite skipped="1" hostname="MSI" name="tests.SuiteTwo" tests="7" failures="0" timestamp="2023-01-15T17:52:04 IST" time="336.922" errors="0">
  <testcase name="checkBoxDemo" time="57.264" classname="tests.SuiteTwo"/>
  <system-out/>
  <testcase name="checkBoxDemo" time="55.151" classname="tests.SuiteTwo"/>
  <system-out/>
  <testcase name="checkBoxDemo" time="61.372" classname="tests.SuiteTwo"/>
  <system-out/>
  <testcase name="checkBoxDemo" time="53.462" classname="tests.SuiteTwo"/>
  <system-out/>
  <testcase name="checkBoxDemo" time="55.135" classname="tests.SuiteTwo"/>
  <system-out/>
  <testcase name="checkBoxDemo" time="54.538" classname="tests.SuiteTwo"/>
  <system-out/>
  <testcase name="test2" classname="tests.SuiteTwo">
    <skipped/>
  </testcase> <!-- test2 -->
  <system-out/>
</testsuite> <!-- tests.SuiteTwo -->
