<?xml version="1.0" encoding="UTF-8"?>
<!-- Generated by org.testng.reporters.JUnitReportReporter -->
<testsuite skipped="2" hostname="MSI" name="tests.SuiteOne" tests="3" failures="0" timestamp="2023-01-06T15:35:45 IST" time="27.520" errors="0">
  <testcase name="countAllElementsFromProductListingPage" time="27.520" classname="tests.SuiteOne"/>
  <system-out/>
  <testcase name="verifyProductCountFromProductListingPage" classname="tests.SuiteOne">
    <skipped/>
  </testcase> <!-- verifyProductCountFromProductListingPage -->
  <system-out/>
  <testcase name="test1" classname="tests.SuiteOne">
    <skipped/>
  </testcase> <!-- test1 -->
  <system-out/>
</testsuite> <!-- tests.SuiteOne -->
